

Started GET "/" for 127.0.0.1 at 2014-11-02 13:41:00 -0500
Processing by Rails::WelcomeController#index as HTML
  Rendered /Users/cdelange/.rvm/gems/ruby-1.9.3-p547@aws-cfn-stacker/gems/railties-4.1.7/lib/rails/templates/rails/welcome/index.html.erb (3.3ms)
Completed 200 OK in 23ms (Views: 13.1ms | ActiveRecord: 0.0ms)


Started GET "/rails/info/properties" for 127.0.0.1 at 2014-11-02 13:41:13 -0500
Processing by Rails::InfoController#properties as */*
  Rendered /Users/cdelange/.rvm/gems/ruby-1.9.3-p547@aws-cfn-stacker/gems/railties-4.1.7/lib/rails/templates/rails/info/properties.html.erb (0.6ms)
Completed 200 OK in 71ms (Views: 8.5ms | ActiveRecord: 6.5ms)


Started GET "/" for 127.0.0.1 at 2014-11-02 18:12:26 -0500
Processing by Rails::WelcomeController#index as HTML
  Rendered /Users/cdelange/.rvm/gems/ruby-1.9.3-p547@aws-cfn-stacker/gems/railties-4.1.7/lib/rails/templates/rails/welcome/index.html.erb (3.3ms)
Completed 200 OK in 27ms (Views: 15.5ms | ActiveRecord: 0.0ms)


Started GET "/" for 127.0.0.1 at 2014-11-02 18:36:19 -0500
Processing by Rails::WelcomeController#index as HTML
  Rendered /Users/cdelange/.rvm/gems/ruby-1.9.3-p547@aws-cfn-stacker/gems/railties-4.1.7/lib/rails/templates/rails/welcome/index.html.erb (0.1ms)
Completed 200 OK in 32ms (Views: 31.8ms | ActiveRecord: 0.0ms)


Started GET "/UI/UI.nocache.js" for 127.0.0.1 at 2014-11-02 18:36:26 -0500

ActionController::RoutingError (No route matches [GET] "/UI/UI.nocache.js"):
  /Users/cdelange/.rvm/gems/ruby-1.9.3-p547@aws-cfn-stacker/gems/actionpack-4.1.7/lib/action_dispatch/middleware/debug_exceptions.rb:21:in `call'
  /Users/cdelange/.rvm/gems/ruby-1.9.3-p547@aws-cfn-stacker/gems/actionpack-4.1.7/lib/action_dispatch/middleware/show_exceptions.rb:30:in `call'
  /Users/cdelange/.rvm/gems/ruby-1.9.3-p547@aws-cfn-stacker/gems/railties-4.1.7/lib/rails/rack/logger.rb:38:in `call_app'
  /Users/cdelange/.rvm/gems/ruby-1.9.3-p547@aws-cfn-stacker/gems/railties-4.1.7/lib/rails/rack/logger.rb:20:in `block in call'
  /Users/cdelange/.rvm/gems/ruby-1.9.3-p547@aws-cfn-stacker/gems/activesupport-4.1.7/lib/active_support/tagged_logging.rb:68:in `block in tagged'
  /Users/cdelange/.rvm/gems/ruby-1.9.3-p547@aws-cfn-stacker/gems/activesupport-4.1.7/lib/active_support/tagged_logging.rb:26:in `tagged'
  /Users/cdelange/.rvm/gems/ruby-1.9.3-p547@aws-cfn-stacker/gems/activesupport-4.1.7/lib/active_support/tagged_logging.rb:68:in `tagged'
  /Users/cdelange/.rvm/gems/ruby-1.9.3-p547@aws-cfn-stacker/gems/railties-4.1.7/lib/rails/rack/logger.rb:20:in `call'
  /Users/cdelange/.rvm/gems/ruby-1.9.3-p547@aws-cfn-stacker/gems/actionpack-4.1.7/lib/action_dispatch/middleware/request_id.rb:21:in `call'
  /Users/cdelange/.rvm/gems/ruby-1.9.3-p547@aws-cfn-stacker/gems/rack-1.5.2/lib/rack/methodoverride.rb:21:in `call'
  /Users/cdelange/.rvm/gems/ruby-1.9.3-p547@aws-cfn-stacker/gems/rack-1.5.2/lib/rack/runtime.rb:17:in `call'
  /Users/cdelange/.rvm/gems/ruby-1.9.3-p547@aws-cfn-stacker/gems/activesupport-4.1.7/lib/active_support/cache/strategy/local_cache_middleware.rb:26:in `call'
  /Users/cdelange/.rvm/gems/ruby-1.9.3-p547@aws-cfn-stacker/gems/rack-1.5.2/lib/rack/lock.rb:17:in `call'
  /Users/cdelange/.rvm/gems/ruby-1.9.3-p547@aws-cfn-stacker/gems/actionpack-4.1.7/lib/action_dispatch/middleware/static.rb:84:in `call'
  /Users/cdelange/.rvm/gems/ruby-1.9.3-p547@aws-cfn-stacker/gems/rack-1.5.2/lib/rack/sendfile.rb:112:in `call'
  /Users/cdelange/.rvm/gems/ruby-1.9.3-p547@aws-cfn-stacker/gems/railties-4.1.7/lib/rails/engine.rb:514:in `call'
  /Users/cdelange/.rvm/gems/ruby-1.9.3-p547@aws-cfn-stacker/gems/railties-4.1.7/lib/rails/application.rb:144:in `call'
  /Users/cdelange/.rvm/gems/ruby-1.9.3-p547@aws-cfn-stacker/gems/rack-1.5.2/lib/rack/lock.rb:17:in `call'
  /Users/cdelange/.rvm/gems/ruby-1.9.3-p547@aws-cfn-stacker/gems/rack-1.5.2/lib/rack/content_length.rb:14:in `call'
  /Users/cdelange/.rvm/gems/ruby-1.9.3-p547@aws-cfn-stacker/gems/rack-1.5.2/lib/rack/handler/webrick.rb:60:in `service'
  /Users/cdelange/.rvm/rubies/ruby-1.9.3-p547/lib/ruby/1.9.1/webrick/httpserver.rb:138:in `service'
  /Users/cdelange/.rvm/rubies/ruby-1.9.3-p547/lib/ruby/1.9.1/webrick/httpserver.rb:94:in `run'
  /Users/cdelange/.rvm/rubies/ruby-1.9.3-p547/lib/ruby/1.9.1/webrick/server.rb:191:in `block in start_thread'
  /Users/cdelange/.rvm/gems/ruby-1.9.3-p547@aws-cfn-stacker/gems/logging-1.8.2/lib/logging/diagnostic_context.rb:323:in `call'
  /Users/cdelange/.rvm/gems/ruby-1.9.3-p547@aws-cfn-stacker/gems/logging-1.8.2/lib/logging/diagnostic_context.rb:323:in `block in create_with_logging_context'


  Rendered /Users/cdelange/.rvm/gems/ruby-1.9.3-p547@aws-cfn-stacker/gems/actionpack-4.1.7/lib/action_dispatch/middleware/templates/rescues/_trace.html.erb (0.9ms)
  Rendered /Users/cdelange/.rvm/gems/ruby-1.9.3-p547@aws-cfn-stacker/gems/actionpack-4.1.7/lib/action_dispatch/middleware/templates/routes/_table.html.erb (11.7ms)
  Rendered /Users/cdelange/.rvm/gems/ruby-1.9.3-p547@aws-cfn-stacker/gems/actionpack-4.1.7/lib/action_dispatch/middleware/templates/rescues/routing_error.html.erb within rescues/layout (28.6ms)


Started GET "/UI/UI.nocache.js" for 127.0.0.1 at 2014-11-02 18:36:48 -0500

ActionController::RoutingError (No route matches [GET] "/UI/UI.nocache.js"):
  /Users/cdelange/.rvm/gems/ruby-1.9.3-p547@aws-cfn-stacker/gems/actionpack-4.1.7/lib/action_dispatch/middleware/debug_exceptions.rb:21:in `call'
  /Users/cdelange/.rvm/gems/ruby-1.9.3-p547@aws-cfn-stacker/gems/actionpack-4.1.7/lib/action_dispatch/middleware/show_exceptions.rb:30:in `call'
  /Users/cdelange/.rvm/gems/ruby-1.9.3-p547@aws-cfn-stacker/gems/railties-4.1.7/lib/rails/rack/logger.rb:38:in `call_app'
  /Users/cdelange/.rvm/gems/ruby-1.9.3-p547@aws-cfn-stacker/gems/railties-4.1.7/lib/rails/rack/logger.rb:20:in `block in call'
  /Users/cdelange/.rvm/gems/ruby-1.9.3-p547@aws-cfn-stacker/gems/activesupport-4.1.7/lib/active_support/tagged_logging.rb:68:in `block in tagged'
  /Users/cdelange/.rvm/gems/ruby-1.9.3-p547@aws-cfn-stacker/gems/activesupport-4.1.7/lib/active_support/tagged_logging.rb:26:in `tagged'
  /Users/cdelange/.rvm/gems/ruby-1.9.3-p547@aws-cfn-stacker/gems/activesupport-4.1.7/lib/active_support/tagged_logging.rb:68:in `tagged'
  /Users/cdelange/.rvm/gems/ruby-1.9.3-p547@aws-cfn-stacker/gems/railties-4.1.7/lib/rails/rack/logger.rb:20:in `call'
  /Users/cdelange/.rvm/gems/ruby-1.9.3-p547@aws-cfn-stacker/gems/actionpack-4.1.7/lib/action_dispatch/middleware/request_id.rb:21:in `call'
  /Users/cdelange/.rvm/gems/ruby-1.9.3-p547@aws-cfn-stacker/gems/rack-1.5.2/lib/rack/methodoverride.rb:21:in `call'
  /Users/cdelange/.rvm/gems/ruby-1.9.3-p547@aws-cfn-stacker/gems/rack-1.5.2/lib/rack/runtime.rb:17:in `call'
  /Users/cdelange/.rvm/gems/ruby-1.9.3-p547@aws-cfn-stacker/gems/activesupport-4.1.7/lib/active_support/cache/strategy/local_cache_middleware.rb:26:in `call'
  /Users/cdelange/.rvm/gems/ruby-1.9.3-p547@aws-cfn-stacker/gems/rack-1.5.2/lib/rack/lock.rb:17:in `call'
  /Users/cdelange/.rvm/gems/ruby-1.9.3-p547@aws-cfn-stacker/gems/actionpack-4.1.7/lib/action_dispatch/middleware/static.rb:84:in `call'
  /Users/cdelange/.rvm/gems/ruby-1.9.3-p547@aws-cfn-stacker/gems/rack-1.5.2/lib/rack/sendfile.rb:112:in `call'
  /Users/cdelange/.rvm/gems/ruby-1.9.3-p547@aws-cfn-stacker/gems/railties-4.1.7/lib/rails/engine.rb:514:in `call'
  /Users/cdelange/.rvm/gems/ruby-1.9.3-p547@aws-cfn-stacker/gems/railties-4.1.7/lib/rails/application.rb:144:in `call'
  /Users/cdelange/.rvm/gems/ruby-1.9.3-p547@aws-cfn-stacker/gems/rack-1.5.2/lib/rack/lock.rb:17:in `call'
  /Users/cdelange/.rvm/gems/ruby-1.9.3-p547@aws-cfn-stacker/gems/rack-1.5.2/lib/rack/content_length.rb:14:in `call'
  /Users/cdelange/.rvm/gems/ruby-1.9.3-p547@aws-cfn-stacker/gems/rack-1.5.2/lib/rack/handler/webrick.rb:60:in `service'
  /Users/cdelange/.rvm/rubies/ruby-1.9.3-p547/lib/ruby/1.9.1/webrick/httpserver.rb:138:in `service'
  /Users/cdelange/.rvm/rubies/ruby-1.9.3-p547/lib/ruby/1.9.1/webrick/httpserver.rb:94:in `run'
  /Users/cdelange/.rvm/rubies/ruby-1.9.3-p547/lib/ruby/1.9.1/webrick/server.rb:191:in `block in start_thread'
  /Users/cdelange/.rvm/gems/ruby-1.9.3-p547@aws-cfn-stacker/gems/logging-1.8.2/lib/logging/diagnostic_context.rb:323:in `call'
  /Users/cdelange/.rvm/gems/ruby-1.9.3-p547@aws-cfn-stacker/gems/logging-1.8.2/lib/logging/diagnostic_context.rb:323:in `block in create_with_logging_context'


  Rendered /Users/cdelange/.rvm/gems/ruby-1.9.3-p547@aws-cfn-stacker/gems/actionpack-4.1.7/lib/action_dispatch/middleware/templates/rescues/_trace.html.erb (0.8ms)
  Rendered /Users/cdelange/.rvm/gems/ruby-1.9.3-p547@aws-cfn-stacker/gems/actionpack-4.1.7/lib/action_dispatch/middleware/templates/routes/_table.html.erb (1.4ms)
  Rendered /Users/cdelange/.rvm/gems/ruby-1.9.3-p547@aws-cfn-stacker/gems/actionpack-4.1.7/lib/action_dispatch/middleware/templates/rescues/routing_error.html.erb within rescues/layout (11.7ms)


Started GET "/UI/UI.nocache.js" for 127.0.0.1 at 2014-11-02 18:48:30 -0500

ActionController::RoutingError (No route matches [GET] "/UI/UI.nocache.js"):
  /Users/cdelange/.rvm/gems/ruby-1.9.3-p547@aws-cfn-stacker/gems/actionpack-4.1.7/lib/action_dispatch/middleware/debug_exceptions.rb:21:in `call'
  /Users/cdelange/.rvm/gems/ruby-1.9.3-p547@aws-cfn-stacker/gems/actionpack-4.1.7/lib/action_dispatch/middleware/show_exceptions.rb:30:in `call'
  /Users/cdelange/.rvm/gems/ruby-1.9.3-p547@aws-cfn-stacker/gems/railties-4.1.7/lib/rails/rack/logger.rb:38:in `call_app'
  /Users/cdelange/.rvm/gems/ruby-1.9.3-p547@aws-cfn-stacker/gems/railties-4.1.7/lib/rails/rack/logger.rb:20:in `block in call'
  /Users/cdelange/.rvm/gems/ruby-1.9.3-p547@aws-cfn-stacker/gems/activesupport-4.1.7/lib/active_support/tagged_logging.rb:68:in `block in tagged'
  /Users/cdelange/.rvm/gems/ruby-1.9.3-p547@aws-cfn-stacker/gems/activesupport-4.1.7/lib/active_support/tagged_logging.rb:26:in `tagged'
  /Users/cdelange/.rvm/gems/ruby-1.9.3-p547@aws-cfn-stacker/gems/activesupport-4.1.7/lib/active_support/tagged_logging.rb:68:in `tagged'
  /Users/cdelange/.rvm/gems/ruby-1.9.3-p547@aws-cfn-stacker/gems/railties-4.1.7/lib/rails/rack/logger.rb:20:in `call'
  /Users/cdelange/.rvm/gems/ruby-1.9.3-p547@aws-cfn-stacker/gems/actionpack-4.1.7/lib/action_dispatch/middleware/request_id.rb:21:in `call'
  /Users/cdelange/.rvm/gems/ruby-1.9.3-p547@aws-cfn-stacker/gems/rack-1.5.2/lib/rack/methodoverride.rb:21:in `call'
  /Users/cdelange/.rvm/gems/ruby-1.9.3-p547@aws-cfn-stacker/gems/rack-1.5.2/lib/rack/runtime.rb:17:in `call'
  /Users/cdelange/.rvm/gems/ruby-1.9.3-p547@aws-cfn-stacker/gems/activesupport-4.1.7/lib/active_support/cache/strategy/local_cache_middleware.rb:26:in `call'
  /Users/cdelange/.rvm/gems/ruby-1.9.3-p547@aws-cfn-stacker/gems/rack-1.5.2/lib/rack/lock.rb:17:in `call'
  /Users/cdelange/.rvm/gems/ruby-1.9.3-p547@aws-cfn-stacker/gems/actionpack-4.1.7/lib/action_dispatch/middleware/static.rb:84:in `call'
  /Users/cdelange/.rvm/gems/ruby-1.9.3-p547@aws-cfn-stacker/gems/rack-1.5.2/lib/rack/sendfile.rb:112:in `call'
  /Users/cdelange/.rvm/gems/ruby-1.9.3-p547@aws-cfn-stacker/gems/railties-4.1.7/lib/rails/engine.rb:514:in `call'
  /Users/cdelange/.rvm/gems/ruby-1.9.3-p547@aws-cfn-stacker/gems/railties-4.1.7/lib/rails/application.rb:144:in `call'
  /Users/cdelange/.rvm/gems/ruby-1.9.3-p547@aws-cfn-stacker/gems/rack-1.5.2/lib/rack/lock.rb:17:in `call'
  /Users/cdelange/.rvm/gems/ruby-1.9.3-p547@aws-cfn-stacker/gems/rack-1.5.2/lib/rack/content_length.rb:14:in `call'
  /Users/cdelange/.rvm/gems/ruby-1.9.3-p547@aws-cfn-stacker/gems/rack-1.5.2/lib/rack/handler/webrick.rb:60:in `service'
  /Users/cdelange/.rvm/rubies/ruby-1.9.3-p547/lib/ruby/1.9.1/webrick/httpserver.rb:138:in `service'
  /Users/cdelange/.rvm/rubies/ruby-1.9.3-p547/lib/ruby/1.9.1/webrick/httpserver.rb:94:in `run'
  /Users/cdelange/.rvm/rubies/ruby-1.9.3-p547/lib/ruby/1.9.1/webrick/server.rb:191:in `block in start_thread'
  /Users/cdelange/.rvm/gems/ruby-1.9.3-p547@aws-cfn-stacker/gems/logging-1.8.2/lib/logging/diagnostic_context.rb:323:in `call'
  /Users/cdelange/.rvm/gems/ruby-1.9.3-p547@aws-cfn-stacker/gems/logging-1.8.2/lib/logging/diagnostic_context.rb:323:in `block in create_with_logging_context'


  Rendered /Users/cdelange/.rvm/gems/ruby-1.9.3-p547@aws-cfn-stacker/gems/actionpack-4.1.7/lib/action_dispatch/middleware/templates/rescues/_trace.html.erb (0.9ms)
  Rendered /Users/cdelange/.rvm/gems/ruby-1.9.3-p547@aws-cfn-stacker/gems/actionpack-4.1.7/lib/action_dispatch/middleware/templates/routes/_table.html.erb (1.4ms)
  Rendered /Users/cdelange/.rvm/gems/ruby-1.9.3-p547@aws-cfn-stacker/gems/actionpack-4.1.7/lib/action_dispatch/middleware/templates/rescues/routing_error.html.erb within rescues/layout (13.9ms)


Started GET "/UI.html?gwt.codesvr=127.0.0.1:9997" for 127.0.0.1 at 2014-11-02 19:02:23 -0500

ActionController::RoutingError (No route matches [GET] "/UI.html"):
  /Users/cdelange/.rvm/gems/ruby-1.9.3-p547@aws-cfn-stacker/gems/actionpack-4.1.7/lib/action_dispatch/middleware/debug_exceptions.rb:21:in `call'
  /Users/cdelange/.rvm/gems/ruby-1.9.3-p547@aws-cfn-stacker/gems/actionpack-4.1.7/lib/action_dispatch/middleware/show_exceptions.rb:30:in `call'
  /Users/cdelange/.rvm/gems/ruby-1.9.3-p547@aws-cfn-stacker/gems/railties-4.1.7/lib/rails/rack/logger.rb:38:in `call_app'
  /Users/cdelange/.rvm/gems/ruby-1.9.3-p547@aws-cfn-stacker/gems/railties-4.1.7/lib/rails/rack/logger.rb:20:in `block in call'
  /Users/cdelange/.rvm/gems/ruby-1.9.3-p547@aws-cfn-stacker/gems/activesupport-4.1.7/lib/active_support/tagged_logging.rb:68:in `block in tagged'
  /Users/cdelange/.rvm/gems/ruby-1.9.3-p547@aws-cfn-stacker/gems/activesupport-4.1.7/lib/active_support/tagged_logging.rb:26:in `tagged'
  /Users/cdelange/.rvm/gems/ruby-1.9.3-p547@aws-cfn-stacker/gems/activesupport-4.1.7/lib/active_support/tagged_logging.rb:68:in `tagged'
  /Users/cdelange/.rvm/gems/ruby-1.9.3-p547@aws-cfn-stacker/gems/railties-4.1.7/lib/rails/rack/logger.rb:20:in `call'
  /Users/cdelange/.rvm/gems/ruby-1.9.3-p547@aws-cfn-stacker/gems/actionpack-4.1.7/lib/action_dispatch/middleware/request_id.rb:21:in `call'
  /Users/cdelange/.rvm/gems/ruby-1.9.3-p547@aws-cfn-stacker/gems/rack-1.5.2/lib/rack/methodoverride.rb:21:in `call'
  /Users/cdelange/.rvm/gems/ruby-1.9.3-p547@aws-cfn-stacker/gems/rack-1.5.2/lib/rack/runtime.rb:17:in `call'
  /Users/cdelange/.rvm/gems/ruby-1.9.3-p547@aws-cfn-stacker/gems/activesupport-4.1.7/lib/active_support/cache/strategy/local_cache_middleware.rb:26:in `call'
  /Users/cdelange/.rvm/gems/ruby-1.9.3-p547@aws-cfn-stacker/gems/rack-1.5.2/lib/rack/lock.rb:17:in `call'
  /Users/cdelange/.rvm/gems/ruby-1.9.3-p547@aws-cfn-stacker/gems/actionpack-4.1.7/lib/action_dispatch/middleware/static.rb:84:in `call'
  /Users/cdelange/.rvm/gems/ruby-1.9.3-p547@aws-cfn-stacker/gems/rack-1.5.2/lib/rack/sendfile.rb:112:in `call'
  /Users/cdelange/.rvm/gems/ruby-1.9.3-p547@aws-cfn-stacker/gems/railties-4.1.7/lib/rails/engine.rb:514:in `call'
  /Users/cdelange/.rvm/gems/ruby-1.9.3-p547@aws-cfn-stacker/gems/railties-4.1.7/lib/rails/application.rb:144:in `call'
  /Users/cdelange/.rvm/gems/ruby-1.9.3-p547@aws-cfn-stacker/gems/rack-1.5.2/lib/rack/lock.rb:17:in `call'
  /Users/cdelange/.rvm/gems/ruby-1.9.3-p547@aws-cfn-stacker/gems/rack-1.5.2/lib/rack/content_length.rb:14:in `call'
  /Users/cdelange/.rvm/gems/ruby-1.9.3-p547@aws-cfn-stacker/gems/rack-1.5.2/lib/rack/handler/webrick.rb:60:in `service'
  /Users/cdelange/.rvm/rubies/ruby-1.9.3-p547/lib/ruby/1.9.1/webrick/httpserver.rb:138:in `service'
  /Users/cdelange/.rvm/rubies/ruby-1.9.3-p547/lib/ruby/1.9.1/webrick/httpserver.rb:94:in `run'
  /Users/cdelange/.rvm/rubies/ruby-1.9.3-p547/lib/ruby/1.9.1/webrick/server.rb:191:in `block in start_thread'
  /Users/cdelange/.rvm/gems/ruby-1.9.3-p547@aws-cfn-stacker/gems/logging-1.8.2/lib/logging/diagnostic_context.rb:323:in `call'
  /Users/cdelange/.rvm/gems/ruby-1.9.3-p547@aws-cfn-stacker/gems/logging-1.8.2/lib/logging/diagnostic_context.rb:323:in `block in create_with_logging_context'


  Rendered /Users/cdelange/.rvm/gems/ruby-1.9.3-p547@aws-cfn-stacker/gems/actionpack-4.1.7/lib/action_dispatch/middleware/templates/rescues/_trace.html.erb (0.8ms)
  Rendered /Users/cdelange/.rvm/gems/ruby-1.9.3-p547@aws-cfn-stacker/gems/actionpack-4.1.7/lib/action_dispatch/middleware/templates/routes/_table.html.erb (1.0ms)
  Rendered /Users/cdelange/.rvm/gems/ruby-1.9.3-p547@aws-cfn-stacker/gems/actionpack-4.1.7/lib/action_dispatch/middleware/templates/rescues/routing_error.html.erb within rescues/layout (10.5ms)


Started POST "/UI/greet" for 127.0.0.1 at 2014-11-02 19:22:29 -0500

ActionController::RoutingError (No route matches [POST] "/UI/greet"):
  /Users/cdelange/.rvm/gems/ruby-1.9.3-p547@aws-cfn-stacker/gems/actionpack-4.1.7/lib/action_dispatch/middleware/debug_exceptions.rb:21:in `call'
  /Users/cdelange/.rvm/gems/ruby-1.9.3-p547@aws-cfn-stacker/gems/actionpack-4.1.7/lib/action_dispatch/middleware/show_exceptions.rb:30:in `call'
  /Users/cdelange/.rvm/gems/ruby-1.9.3-p547@aws-cfn-stacker/gems/railties-4.1.7/lib/rails/rack/logger.rb:38:in `call_app'
  /Users/cdelange/.rvm/gems/ruby-1.9.3-p547@aws-cfn-stacker/gems/railties-4.1.7/lib/rails/rack/logger.rb:20:in `block in call'
  /Users/cdelange/.rvm/gems/ruby-1.9.3-p547@aws-cfn-stacker/gems/activesupport-4.1.7/lib/active_support/tagged_logging.rb:68:in `block in tagged'
  /Users/cdelange/.rvm/gems/ruby-1.9.3-p547@aws-cfn-stacker/gems/activesupport-4.1.7/lib/active_support/tagged_logging.rb:26:in `tagged'
  /Users/cdelange/.rvm/gems/ruby-1.9.3-p547@aws-cfn-stacker/gems/activesupport-4.1.7/lib/active_support/tagged_logging.rb:68:in `tagged'
  /Users/cdelange/.rvm/gems/ruby-1.9.3-p547@aws-cfn-stacker/gems/railties-4.1.7/lib/rails/rack/logger.rb:20:in `call'
  /Users/cdelange/.rvm/gems/ruby-1.9.3-p547@aws-cfn-stacker/gems/actionpack-4.1.7/lib/action_dispatch/middleware/request_id.rb:21:in `call'
  /Users/cdelange/.rvm/gems/ruby-1.9.3-p547@aws-cfn-stacker/gems/rack-1.5.2/lib/rack/methodoverride.rb:21:in `call'
  /Users/cdelange/.rvm/gems/ruby-1.9.3-p547@aws-cfn-stacker/gems/rack-1.5.2/lib/rack/runtime.rb:17:in `call'
  /Users/cdelange/.rvm/gems/ruby-1.9.3-p547@aws-cfn-stacker/gems/activesupport-4.1.7/lib/active_support/cache/strategy/local_cache_middleware.rb:26:in `call'
  /Users/cdelange/.rvm/gems/ruby-1.9.3-p547@aws-cfn-stacker/gems/rack-1.5.2/lib/rack/lock.rb:17:in `call'
  /Users/cdelange/.rvm/gems/ruby-1.9.3-p547@aws-cfn-stacker/gems/actionpack-4.1.7/lib/action_dispatch/middleware/static.rb:84:in `call'
  /Users/cdelange/.rvm/gems/ruby-1.9.3-p547@aws-cfn-stacker/gems/rack-1.5.2/lib/rack/sendfile.rb:112:in `call'
  /Users/cdelange/.rvm/gems/ruby-1.9.3-p547@aws-cfn-stacker/gems/railties-4.1.7/lib/rails/engine.rb:514:in `call'
  /Users/cdelange/.rvm/gems/ruby-1.9.3-p547@aws-cfn-stacker/gems/railties-4.1.7/lib/rails/application.rb:144:in `call'
  /Users/cdelange/.rvm/gems/ruby-1.9.3-p547@aws-cfn-stacker/gems/rack-1.5.2/lib/rack/lock.rb:17:in `call'
  /Users/cdelange/.rvm/gems/ruby-1.9.3-p547@aws-cfn-stacker/gems/rack-1.5.2/lib/rack/content_length.rb:14:in `call'
  /Users/cdelange/.rvm/gems/ruby-1.9.3-p547@aws-cfn-stacker/gems/rack-1.5.2/lib/rack/handler/webrick.rb:60:in `service'
  /Users/cdelange/.rvm/rubies/ruby-1.9.3-p547/lib/ruby/1.9.1/webrick/httpserver.rb:138:in `service'
  /Users/cdelange/.rvm/rubies/ruby-1.9.3-p547/lib/ruby/1.9.1/webrick/httpserver.rb:94:in `run'
  /Users/cdelange/.rvm/rubies/ruby-1.9.3-p547/lib/ruby/1.9.1/webrick/server.rb:191:in `block in start_thread'
  /Users/cdelange/.rvm/gems/ruby-1.9.3-p547@aws-cfn-stacker/gems/logging-1.8.2/lib/logging/diagnostic_context.rb:323:in `call'
  /Users/cdelange/.rvm/gems/ruby-1.9.3-p547@aws-cfn-stacker/gems/logging-1.8.2/lib/logging/diagnostic_context.rb:323:in `block in create_with_logging_context'


  Rendered /Users/cdelange/.rvm/gems/ruby-1.9.3-p547@aws-cfn-stacker/gems/actionpack-4.1.7/lib/action_dispatch/middleware/templates/rescues/_trace.html.erb (0.9ms)
  Rendered /Users/cdelange/.rvm/gems/ruby-1.9.3-p547@aws-cfn-stacker/gems/actionpack-4.1.7/lib/action_dispatch/middleware/templates/routes/_table.html.erb (0.9ms)
  Rendered /Users/cdelange/.rvm/gems/ruby-1.9.3-p547@aws-cfn-stacker/gems/actionpack-4.1.7/lib/action_dispatch/middleware/templates/rescues/routing_error.html.erb within rescues/layout (13.1ms)


Started GET "/" for 127.0.0.1 at 2014-11-03 01:28:55 -0500
Processing by Rails::WelcomeController#index as HTML
  Rendered /Users/cdelange/.rvm/gems/ruby-1.9.3-p547@aws-cfn-stacker/gems/railties-4.1.7/lib/rails/templates/rails/welcome/index.html.erb (4.7ms)
Completed 200 OK in 33ms (Views: 17.4ms | ActiveRecord: 0.0ms)


Started GET "/" for 127.0.0.1 at 2014-11-03 01:28:59 -0500
Processing by Rails::WelcomeController#index as HTML
  Rendered /Users/cdelange/.rvm/gems/ruby-1.9.3-p547@aws-cfn-stacker/gems/railties-4.1.7/lib/rails/templates/rails/welcome/index.html.erb (0.0ms)
Completed 200 OK in 1ms (Views: 0.9ms | ActiveRecord: 0.0ms)


Started GET "/version" for 127.0.0.1 at 2014-11-03 01:29:01 -0500

ActionController::RoutingError (No route matches [GET] "/version"):
  /Users/cdelange/.rvm/gems/ruby-1.9.3-p547@aws-cfn-stacker/gems/actionpack-4.1.7/lib/action_dispatch/middleware/debug_exceptions.rb:21:in `call'
  /Users/cdelange/.rvm/gems/ruby-1.9.3-p547@aws-cfn-stacker/gems/actionpack-4.1.7/lib/action_dispatch/middleware/show_exceptions.rb:30:in `call'
  /Users/cdelange/.rvm/gems/ruby-1.9.3-p547@aws-cfn-stacker/gems/railties-4.1.7/lib/rails/rack/logger.rb:38:in `call_app'
  /Users/cdelange/.rvm/gems/ruby-1.9.3-p547@aws-cfn-stacker/gems/railties-4.1.7/lib/rails/rack/logger.rb:20:in `block in call'
  /Users/cdelange/.rvm/gems/ruby-1.9.3-p547@aws-cfn-stacker/gems/activesupport-4.1.7/lib/active_support/tagged_logging.rb:68:in `block in tagged'
  /Users/cdelange/.rvm/gems/ruby-1.9.3-p547@aws-cfn-stacker/gems/activesupport-4.1.7/lib/active_support/tagged_logging.rb:26:in `tagged'
  /Users/cdelange/.rvm/gems/ruby-1.9.3-p547@aws-cfn-stacker/gems/activesupport-4.1.7/lib/active_support/tagged_logging.rb:68:in `tagged'
  /Users/cdelange/.rvm/gems/ruby-1.9.3-p547@aws-cfn-stacker/gems/railties-4.1.7/lib/rails/rack/logger.rb:20:in `call'
  /Users/cdelange/.rvm/gems/ruby-1.9.3-p547@aws-cfn-stacker/gems/actionpack-4.1.7/lib/action_dispatch/middleware/request_id.rb:21:in `call'
  /Users/cdelange/.rvm/gems/ruby-1.9.3-p547@aws-cfn-stacker/gems/rack-1.5.2/lib/rack/methodoverride.rb:21:in `call'
  /Users/cdelange/.rvm/gems/ruby-1.9.3-p547@aws-cfn-stacker/gems/rack-1.5.2/lib/rack/runtime.rb:17:in `call'
  /Users/cdelange/.rvm/gems/ruby-1.9.3-p547@aws-cfn-stacker/gems/activesupport-4.1.7/lib/active_support/cache/strategy/local_cache_middleware.rb:26:in `call'
  /Users/cdelange/.rvm/gems/ruby-1.9.3-p547@aws-cfn-stacker/gems/rack-1.5.2/lib/rack/lock.rb:17:in `call'
  /Users/cdelange/.rvm/gems/ruby-1.9.3-p547@aws-cfn-stacker/gems/actionpack-4.1.7/lib/action_dispatch/middleware/static.rb:84:in `call'
  /Users/cdelange/.rvm/gems/ruby-1.9.3-p547@aws-cfn-stacker/gems/rack-1.5.2/lib/rack/sendfile.rb:112:in `call'
  /Users/cdelange/.rvm/gems/ruby-1.9.3-p547@aws-cfn-stacker/gems/railties-4.1.7/lib/rails/engine.rb:514:in `call'
  /Users/cdelange/.rvm/gems/ruby-1.9.3-p547@aws-cfn-stacker/gems/railties-4.1.7/lib/rails/application.rb:144:in `call'
  /Users/cdelange/.rvm/gems/ruby-1.9.3-p547@aws-cfn-stacker/gems/rack-1.5.2/lib/rack/lock.rb:17:in `call'
  /Users/cdelange/.rvm/gems/ruby-1.9.3-p547@aws-cfn-stacker/gems/rack-1.5.2/lib/rack/content_length.rb:14:in `call'
  /Users/cdelange/.rvm/gems/ruby-1.9.3-p547@aws-cfn-stacker/gems/rack-1.5.2/lib/rack/handler/webrick.rb:60:in `service'
  /Users/cdelange/.rvm/rubies/ruby-1.9.3-p547/lib/ruby/1.9.1/webrick/httpserver.rb:138:in `service'
  /Users/cdelange/.rvm/rubies/ruby-1.9.3-p547/lib/ruby/1.9.1/webrick/httpserver.rb:94:in `run'
  /Users/cdelange/.rvm/rubies/ruby-1.9.3-p547/lib/ruby/1.9.1/webrick/server.rb:191:in `block in start_thread'
  /Users/cdelange/.rvm/gems/ruby-1.9.3-p547@aws-cfn-stacker/gems/logging-1.8.2/lib/logging/diagnostic_context.rb:323:in `call'
  /Users/cdelange/.rvm/gems/ruby-1.9.3-p547@aws-cfn-stacker/gems/logging-1.8.2/lib/logging/diagnostic_context.rb:323:in `block in create_with_logging_context'


  Rendered /Users/cdelange/.rvm/gems/ruby-1.9.3-p547@aws-cfn-stacker/gems/actionpack-4.1.7/lib/action_dispatch/middleware/templates/rescues/_trace.html.erb (0.9ms)
  Rendered /Users/cdelange/.rvm/gems/ruby-1.9.3-p547@aws-cfn-stacker/gems/actionpack-4.1.7/lib/action_dispatch/middleware/templates/routes/_route.html.erb (0.6ms)
  Rendered /Users/cdelange/.rvm/gems/ruby-1.9.3-p547@aws-cfn-stacker/gems/actionpack-4.1.7/lib/action_dispatch/middleware/templates/routes/_table.html.erb (44.7ms)
  Rendered /Users/cdelange/.rvm/gems/ruby-1.9.3-p547@aws-cfn-stacker/gems/actionpack-4.1.7/lib/action_dispatch/middleware/templates/rescues/routing_error.html.erb within rescues/layout (67.2ms)


Started GET "/version" for 127.0.0.1 at 2014-11-03 01:30:26 -0500
Processing by VersionController#index as HTML
  Rendered version/index.html.erb within layouts/application (0.3ms)
Completed 200 OK in 1375ms (Views: 1374.8ms | ActiveRecord: 0.0ms)


Started GET "/assets/version.css?body=1" for 127.0.0.1 at 2014-11-03 01:30:27 -0500


Started GET "/assets/application.css?body=1" for 127.0.0.1 at 2014-11-03 01:30:27 -0500


Started GET "/assets/jquery.js?body=1" for 127.0.0.1 at 2014-11-03 01:30:27 -0500


Started GET "/assets/jquery_ujs.js?body=1" for 127.0.0.1 at 2014-11-03 01:30:27 -0500


Started GET "/assets/turbolinks.js?body=1" for 127.0.0.1 at 2014-11-03 01:30:27 -0500


Started GET "/assets/application.js?body=1" for 127.0.0.1 at 2014-11-03 01:30:27 -0500


Started GET "/assets/version.js?body=1" for 127.0.0.1 at 2014-11-03 01:30:27 -0500


Started GET "/version" for 127.0.0.1 at 2014-11-03 01:43:46 -0500
Processing by VersionController#index as HTML
Completed 500 Internal Server Error in 2ms

NameError (uninitialized constant VersionController::VersionInfo):
  app/controllers/version_controller.rb:3:in `index'


  Rendered /Users/cdelange/.rvm/gems/ruby-1.9.3-p547@aws-cfn-stacker/gems/actionpack-4.1.7/lib/action_dispatch/middleware/templates/rescues/_source.erb (0.9ms)
  Rendered /Users/cdelange/.rvm/gems/ruby-1.9.3-p547@aws-cfn-stacker/gems/actionpack-4.1.7/lib/action_dispatch/middleware/templates/rescues/_trace.html.erb (1.0ms)
  Rendered /Users/cdelange/.rvm/gems/ruby-1.9.3-p547@aws-cfn-stacker/gems/actionpack-4.1.7/lib/action_dispatch/middleware/templates/rescues/_request_and_response.html.erb (32.2ms)
  Rendered /Users/cdelange/.rvm/gems/ruby-1.9.3-p547@aws-cfn-stacker/gems/actionpack-4.1.7/lib/action_dispatch/middleware/templates/rescues/diagnostics.erb within rescues/layout (49.0ms)


Started GET "/version" for 127.0.0.1 at 2014-11-03 02:04:26 -0500
Processing by VersionController#index as HTML
Completed 500 Internal Server Error in 1ms

NameError (uninitialized constant VersionController::VersionInfo):
  app/controllers/version_controller.rb:3:in `index'


  Rendered /Users/cdelange/.rvm/gems/ruby-1.9.3-p547@aws-cfn-stacker/gems/actionpack-4.1.7/lib/action_dispatch/middleware/templates/rescues/_source.erb (0.6ms)
  Rendered /Users/cdelange/.rvm/gems/ruby-1.9.3-p547@aws-cfn-stacker/gems/actionpack-4.1.7/lib/action_dispatch/middleware/templates/rescues/_trace.html.erb (1.2ms)
  Rendered /Users/cdelange/.rvm/gems/ruby-1.9.3-p547@aws-cfn-stacker/gems/actionpack-4.1.7/lib/action_dispatch/middleware/templates/rescues/_request_and_response.html.erb (0.8ms)
  Rendered /Users/cdelange/.rvm/gems/ruby-1.9.3-p547@aws-cfn-stacker/gems/actionpack-4.1.7/lib/action_dispatch/middleware/templates/rescues/diagnostics.erb within rescues/layout (14.6ms)


Started GET "/version" for 127.0.0.1 at 2014-11-03 02:04:27 -0500
Processing by VersionController#index as HTML
Completed 500 Internal Server Error in 2ms

NameError (uninitialized constant VersionController::VersionInfo):
  app/controllers/version_controller.rb:3:in `index'


  Rendered /Users/cdelange/.rvm/gems/ruby-1.9.3-p547@aws-cfn-stacker/gems/actionpack-4.1.7/lib/action_dispatch/middleware/templates/rescues/_source.erb (0.5ms)
  Rendered /Users/cdelange/.rvm/gems/ruby-1.9.3-p547@aws-cfn-stacker/gems/actionpack-4.1.7/lib/action_dispatch/middleware/templates/rescues/_trace.html.erb (1.1ms)
  Rendered /Users/cdelange/.rvm/gems/ruby-1.9.3-p547@aws-cfn-stacker/gems/actionpack-4.1.7/lib/action_dispatch/middleware/templates/rescues/_request_and_response.html.erb (0.7ms)
  Rendered /Users/cdelange/.rvm/gems/ruby-1.9.3-p547@aws-cfn-stacker/gems/actionpack-4.1.7/lib/action_dispatch/middleware/templates/rescues/diagnostics.erb within rescues/layout (13.6ms)


Started GET "/version" for 127.0.0.1 at 2014-11-03 02:05:18 -0500

LoadError (cannot load such file -- helpers/version_helper):
  app/controllers/version_controller.rb:1:in `<top (required)>'


  Rendered /Users/cdelange/.rvm/gems/ruby-1.9.3-p547@aws-cfn-stacker/gems/actionpack-4.1.7/lib/action_dispatch/middleware/templates/rescues/_source.erb (0.5ms)
  Rendered /Users/cdelange/.rvm/gems/ruby-1.9.3-p547@aws-cfn-stacker/gems/actionpack-4.1.7/lib/action_dispatch/middleware/templates/rescues/_trace.html.erb (1.0ms)
  Rendered /Users/cdelange/.rvm/gems/ruby-1.9.3-p547@aws-cfn-stacker/gems/actionpack-4.1.7/lib/action_dispatch/middleware/templates/rescues/_request_and_response.html.erb (1.2ms)
  Rendered /Users/cdelange/.rvm/gems/ruby-1.9.3-p547@aws-cfn-stacker/gems/actionpack-4.1.7/lib/action_dispatch/middleware/templates/rescues/diagnostics.erb within rescues/layout (14.5ms)


Started GET "/version" for 127.0.0.1 at 2014-11-03 02:06:00 -0500
Processing by VersionController#index as HTML
  Rendered html template (0.0ms)
Completed 200 OK in 4ms (Views: 3.7ms | ActiveRecord: 0.0ms)


Started GET "/version" for 127.0.0.1 at 2014-11-03 02:07:44 -0500
Processing by VersionController#index as HTML
  Rendered html template (0.0ms)
Completed 200 OK in 1ms (Views: 0.4ms | ActiveRecord: 0.0ms)


Started GET "/version" for 127.0.0.1 at 2014-11-03 02:08:15 -0500
Processing by VersionController#index as HTML
Completed 500 Internal Server Error in 1ms

NoMethodError (private method `m_version=' called for Version: 
Release: 
Date: 
:VersionHelper::VersionInfo):
  app/helpers/version_helper.rb:39:in `createVersionInfo'
  app/controllers/version_controller.rb:5:in `index'


  Rendered /Users/cdelange/.rvm/gems/ruby-1.9.3-p547@aws-cfn-stacker/gems/actionpack-4.1.7/lib/action_dispatch/middleware/templates/rescues/_source.erb (0.6ms)
  Rendered /Users/cdelange/.rvm/gems/ruby-1.9.3-p547@aws-cfn-stacker/gems/actionpack-4.1.7/lib/action_dispatch/middleware/templates/rescues/_trace.html.erb (1.0ms)
  Rendered /Users/cdelange/.rvm/gems/ruby-1.9.3-p547@aws-cfn-stacker/gems/actionpack-4.1.7/lib/action_dispatch/middleware/templates/rescues/_request_and_response.html.erb (0.8ms)
  Rendered /Users/cdelange/.rvm/gems/ruby-1.9.3-p547@aws-cfn-stacker/gems/actionpack-4.1.7/lib/action_dispatch/middleware/templates/rescues/diagnostics.erb within rescues/layout (14.1ms)


Started GET "/version" for 127.0.0.1 at 2014-11-03 02:10:50 -0500
Processing by VersionController#index as HTML
Completed 500 Internal Server Error in 1ms

NameError (uninitialized constant Aws::Cfn::Stacker::RELEASE):
  app/helpers/version_helper.rb:40:in `createVersionInfo'
  app/controllers/version_controller.rb:5:in `index'


  Rendered /Users/cdelange/.rvm/gems/ruby-1.9.3-p547@aws-cfn-stacker/gems/actionpack-4.1.7/lib/action_dispatch/middleware/templates/rescues/_source.erb (0.9ms)
  Rendered /Users/cdelange/.rvm/gems/ruby-1.9.3-p547@aws-cfn-stacker/gems/actionpack-4.1.7/lib/action_dispatch/middleware/templates/rescues/_trace.html.erb (1.0ms)
  Rendered /Users/cdelange/.rvm/gems/ruby-1.9.3-p547@aws-cfn-stacker/gems/actionpack-4.1.7/lib/action_dispatch/middleware/templates/rescues/_request_and_response.html.erb (0.7ms)
  Rendered /Users/cdelange/.rvm/gems/ruby-1.9.3-p547@aws-cfn-stacker/gems/actionpack-4.1.7/lib/action_dispatch/middleware/templates/rescues/diagnostics.erb within rescues/layout (16.4ms)


Started GET "/version" for 127.0.0.1 at 2014-11-03 02:11:13 -0500
Processing by VersionController#index as HTML
Completed 500 Internal Server Error in 2ms

NameError (uninitialized constant Aws::Cfn::Stacker::RELEASE):
  app/helpers/version_helper.rb:40:in `createVersionInfo'
  app/controllers/version_controller.rb:5:in `index'


  Rendered /Users/cdelange/.rvm/gems/ruby-1.9.3-p547@aws-cfn-stacker/gems/actionpack-4.1.7/lib/action_dispatch/middleware/templates/rescues/_source.erb (0.6ms)
  Rendered /Users/cdelange/.rvm/gems/ruby-1.9.3-p547@aws-cfn-stacker/gems/actionpack-4.1.7/lib/action_dispatch/middleware/templates/rescues/_trace.html.erb (1.7ms)
  Rendered /Users/cdelange/.rvm/gems/ruby-1.9.3-p547@aws-cfn-stacker/gems/actionpack-4.1.7/lib/action_dispatch/middleware/templates/rescues/_request_and_response.html.erb (1.2ms)
  Rendered /Users/cdelange/.rvm/gems/ruby-1.9.3-p547@aws-cfn-stacker/gems/actionpack-4.1.7/lib/action_dispatch/middleware/templates/rescues/diagnostics.erb within rescues/layout (15.9ms)


Started GET "/version" for 127.0.0.1 at 2014-11-03 02:12:10 -0500
Processing by VersionController#index as HTML
Completed 500 Internal Server Error in 3ms

NameError (uninitialized constant Aws::Cfn::Stacker::RELEASE):
  app/helpers/version_helper.rb:40:in `createVersionInfo'
  app/controllers/version_controller.rb:5:in `index'


  Rendered /Users/cdelange/.rvm/gems/ruby-1.9.3-p547@aws-cfn-stacker/gems/actionpack-4.1.7/lib/action_dispatch/middleware/templates/rescues/_source.erb (0.7ms)
  Rendered /Users/cdelange/.rvm/gems/ruby-1.9.3-p547@aws-cfn-stacker/gems/actionpack-4.1.7/lib/action_dispatch/middleware/templates/rescues/_trace.html.erb (1.0ms)
  Rendered /Users/cdelange/.rvm/gems/ruby-1.9.3-p547@aws-cfn-stacker/gems/actionpack-4.1.7/lib/action_dispatch/middleware/templates/rescues/_request_and_response.html.erb (1.0ms)
  Rendered /Users/cdelange/.rvm/gems/ruby-1.9.3-p547@aws-cfn-stacker/gems/actionpack-4.1.7/lib/action_dispatch/middleware/templates/rescues/diagnostics.erb within rescues/layout (14.0ms)


Started GET "/version" for 127.0.0.1 at 2014-11-03 02:12:30 -0500
Processing by VersionController#index as HTML
  Rendered html template (0.1ms)
Completed 200 OK in 57640ms (Views: 14.2ms | ActiveRecord: 0.0ms)
